<?xml version="1.0" encoding="UTF-8"?>
<!-- Generated by org.testng.reporters.JUnitReportReporter -->
<testsuite hostname="LAPTOP-F3ENBHRG" failures="0" tests="1" name="com.bit.ui.RegTest" time="0.001" errors="0" timestamp="2022-10-11T20:33:06 EDT" skipped="0">
  <testcase classname="com.bit.ui.RegTest" name="Test3" time="0.001"/>
  <system-out/>
</testsuite> <!-- com.bit.ui.RegTest -->
