<?xml version="1.0" encoding="UTF-8"?>
<!-- Generated by org.testng.reporters.JUnitReportReporter -->
<testsuite hostname="LAPTOP-F3ENBHRG" failures="0" tests="2" name="db.dBTest" time="0.009" errors="0" timestamp="2022-10-13T20:28:05 EDT" skipped="0">
  <testcase classname="db.dBTest" name="f" time="0.001"/>
  <system-out/>
  <testcase classname="db.dBTest" name="f" time="0.008"/>
  <system-out/>
</testsuite> <!-- db.dBTest -->
