<?xml version="1.0" encoding="UTF-8"?>
<!-- Generated by org.testng.reporters.JUnitReportReporter -->
<testsuite hostname="LAPTOP-F3ENBHRG" failures="0" tests="1" name="com.bit.ui.SmokeTest" time="0.008" errors="0" timestamp="2022-10-11T20:33:06 EDT" skipped="0">
  <testcase classname="com.bit.ui.SmokeTest" name="Test1" time="0.008"/>
  <system-out/>
</testsuite> <!-- com.bit.ui.SmokeTest -->
